3.00	3.00	3.00	
3.00	3.00	3.00	
3.00	3.00	3.00	
A+A :
6.00	12.00	8.00	34.00	
56.00	8.00	6.00	4.00	
2.00	66.00	36.00	92.00	
14.00	4.00	24.00	26.00	
det A = -82036.00
A^(-1):
0.02	0.03	-0.01	-0.00	
-0.10	0.02	0.05	-0.04	
-0.12	-0.01	0.02	0.10	
0.12	-0.01	-0.02	-0.01	
A:
3.00	6.00	4.00	17.00	
28.00	4.00	3.00	2.00	
1.00	33.00	18.00	46.00	
7.00	2.00	12.00	13.00	
 A^(-1)* A:
1.00	0.00	-0.00	-0.00	
0.00	1.00	0.00	0.00	
-0.00	0.00	1.00	-0.00	
-0.00	-0.00	-0.00	1.00	
5*A :
15.00	30.00	20.00	85.00	
140.00	20.00	15.00	10.00	
5.00	165.00	90.00	230.00	
35.00	10.00	60.00	65.00	
COFACTOR (0,0) = -1563.00
COFACTOR (0,1) = 8205.00
COFACTOR (0,2) = 10214.00
COFACTOR (0,3) = -9849.00

COFACTOR (1,0) = -2864.00
COFACTOR (1,1) = -1656.00
COFACTOR (1,2) = 1028.00
COFACTOR (1,3) = 848.00

COFACTOR (2,0) = 612.00
COFACTOR (2,1) = -4000.00
COFACTOR (2,2) = -1480.00
COFACTOR (2,3) = 1652.00

COFACTOR (3,0) = 319.00
COFACTOR (3,1) = 3679.00
COFACTOR (3,2) = -8278.00
COFACTOR (3,3) = 593.00

